Arguments: 
  /usr/local/bin/node /usr/local/bin/yarn run dev

PATH: 
  /usr/local/bin:/usr/bin:/bin:/usr/sbin:/sbin:/Users/afidelman/Library/Android/sdk/tools:/Users/afidelman/Library/Android/sdk/platform-tools:/Users/afidelman/Library/Android/sdk/tools:/Users/afidelman/Library/Android/sdk/platform-tools

Yarn version: 
  1.5.1

Node version: 
  8.10.0

Platform: 
  darwin x64

npm manifest: 
  {
    "name": "tale-of-webpack-4",
    "version": "1.0.0",
    "description": "",
    "main": "index.js",
    "scripts": {
      "dev": "webpack --mode development --watch",
      "build": "webpack --mode production",
      "test": "echo \"Error: no test specified\" && exit 1"
    },
    "author": "",
    "license": "ISC",
    "devDependencies": {
      "babel-core": "^6.26.3",
      "babel-loader": "^7.1.4",
      "babel-preset-env": "^1.7.0",
      "css-loader": "^0.28.11",
      "extract-text-webpack-plugin": "^4.0.0-beta.0",
      "html-webpack-plugin": "^3.2.0",
      "mini-css-extract-plugin": "^0.4.0",
      "node-sass": "^4.9.0",
      "sass-loader": "^7.0.1",
      "style-loader": "^0.21.0",
      "webpack": "^4.8.3",
      "webpack-cli": "^2.1.3"
    }
  }

yarn manifest: 
  No manifest

Lockfile: 
  No lockfile

Trace: 
  Error: Command failed.
  Exit code: 1
  Command: sh
  Arguments: -c webpack --mode development --watch
  Directory: /Users/afidelman/Web/webpack/tale-of-webpack-4
  Output:
  
      at ProcessTermError.MessageError (/usr/local/lib/node_modules/yarn/lib/cli.js:186:110)
      at new ProcessTermError (/usr/local/lib/node_modules/yarn/lib/cli.js:226:113)
      at ChildProcess.<anonymous> (/usr/local/lib/node_modules/yarn/lib/cli.js:30281:17)
      at emitTwo (events.js:126:13)
      at ChildProcess.emit (events.js:214:7)
      at maybeClose (internal/child_process.js:925:16)
      at Process.ChildProcess._handle.onexit (internal/child_process.js:209:5)
